<?xml version="1.0" encoding="UTF-8"?>
<!-- Generated by org.testng.reporters.JUnitReportReporter -->
<testsuite hostname="DESKTOP-M80CJ1N" failures="0" tests="2" name="runner.TestRunner" time="34.594" errors="0" timestamp="2022-04-17T19:58:43 IST" skipped="0">
  <testcase classname="runner.TestRunner" name="runScenario" time="16.661"/>
  <system-out/>
  <testcase classname="runner.TestRunner" name="runScenario" time="17.933"/>
  <system-out/>
</testsuite> <!-- runner.TestRunner -->
