<?xml version="1.0" encoding="UTF-8"?>
<!-- Generated by org.testng.reporters.JUnitReportReporter -->
<testsuite hostname="DESKTOP-M80CJ1N" failures="0" tests="2" name="runner.TestRunner" time="36.658" errors="0" timestamp="2022-04-17T20:07:48 IST" skipped="0">
  <testcase classname="runner.TestRunner" name="runScenario" time="23.472"/>
  <system-out/>
  <testcase classname="runner.TestRunner" name="runScenario" time="13.186"/>
  <system-out/>
</testsuite> <!-- runner.TestRunner -->
